ASAP2 File Import Errors and Warnings

Filename: C:\Users\emre.boztepe\Desktop\integration\example.a2l

Expecting string literal : error
  source .....       /* Name                   */       0
  position ... 42
  file ....... C:\Users\emre.boztepe\Desktop\integration\example.a2l
  line ....... 55260

Duplicate conversion table : warning
  source ..... 			5 "MISSING GAP"	
  position ... 18
  file ....... C:\Users\emre.boztepe\Desktop\integration\example.a2l
  line ....... 1982

Duplicate conversion table : warning
  source ..... 			4046 "PASSIVE:Cam Crank Defect Coherence Special Instruction"
  position ... 64
  file ....... C:\Users\emre.boztepe\Desktop\integration\example.a2l
  line ....... 4165

Duplicate conversion table : warning
  source ..... 			16781262 "ACTIVE:Cam Crank Defect Coherence Special Instruction"
  position ... 67
  file ....... C:\Users\emre.boztepe\Desktop\integration\example.a2l
  line ....... 5697

Duplicate conversion table : warning
  source ..... 			126 "Cam Crank Defect Coherence"
  position ... 35
  file ....... C:\Users\emre.boztepe\Desktop\integration\example.a2l
  line ....... 5927

Conversion method '' not found : warning
  source ..... 
  position ... 0
  file ....... 
  line ....... 0

Conversion method '' not found : warning
  source ..... 
  position ... 0
  file ....... 
  line ....... 0

Conversion method '' not found : warning
  source ..... 
  position ... 0
  file ....... 
  line ....... 0

Conversion method '' not found : warning
  source ..... 
  position ... 0
  file ....... 
  line ....... 0

Conversion method '' not found : warning
  source ..... 
  position ... 0
  file ....... 
  line ....... 0

Referenced FUNCTION 0 not found : warning
  source ..... 
  position ... 0
  file ....... 
  line ....... 0

1 Error(s)
10 Warning(s)
